<?xml version="1.0" encoding="UTF-8"?>
<!-- Generated by org.testng.reporters.JUnitXMLReporter -->
<testsuite hostname="DESKTOP-BT3TDFN" ignored="0" name="chrome Regression Test" tests="1" failures="1" timestamp="2020-06-28T02:42:42 EET" time="57.267" errors="0">
  <testcase name="UserCanSelectSubCategoryFromMainMenu" time="5.535" classname="tests.ProductHoverMenuTestUsingParlleltesting">
    <failure type="java.lang.ClassCastException" message="java.lang.ThreadLocal cannot be cast to org.openqa.selenium.WebDriver">
      <![CDATA[java.lang.ClassCastException: java.lang.ThreadLocal cannot be cast to org.openqa.selenium.WebDriver
at tests.ProductHoverMenuTestUsingParlleltesting.UserCanSelectSubCategoryFromMainMenu(ProductHoverMenuTestUsingParlleltesting.java:18)
at java.util.ArrayList.forEach(Unknown Source)
at java.util.concurrent.FutureTask.run(Unknown Source)
at java.util.concurrent.ThreadPoolExecutor.runWorker(Unknown Source)
at java.util.concurrent.ThreadPoolExecutor$Worker.run(Unknown Source)
at java.lang.Thread.run(Unknown Source)
... Removed 18 stack frames]]>
    </failure>
  </testcase> <!-- UserCanSelectSubCategoryFromMainMenu -->
</testsuite> <!-- chrome Regression Test -->
