<?xml version="1.0" encoding="UTF-8"?>
<!-- Generated by org.testng.reporters.JUnitXMLReporter -->
<testsuite hostname="DESKTOP-BT3TDFN" ignored="4" name="Regression Test" tests="3" failures="0" timestamp="2020-06-27T23:37:01 EET" time="14.66" errors="0">
  <testcase name="UserCanUseContactUs" time="6.546" classname="tests.ContactUsTest"/>
  <testcase name="UserCanSelectSubCategoryFromMainMenu" time="1.783" classname="tests.ProductHoverMenuTest"/>
  <testcase name="UserCanSearchForProducts" time="5.764" classname="tests.SearchProductTest"/>
  <testcase name="@BeforeSuite startDriver" time="0.0" classname="tests.TestBase">
    <ignored/>
  </testcase> <!-- @BeforeSuite startDriver -->
  <testcase name="@BeforeSuite startDriver" time="0.0" classname="tests.TestBase">
    <ignored/>
  </testcase> <!-- @BeforeSuite startDriver -->
  <testcase name="@AfterSuite stopDriver" time="0.0" classname="tests.TestBase">
    <ignored/>
  </testcase> <!-- @AfterSuite stopDriver -->
  <testcase name="@AfterSuite stopDriver" time="0.0" classname="tests.TestBase">
    <ignored/>
  </testcase> <!-- @AfterSuite stopDriver -->
</testsuite> <!-- Regression Test -->
