<?xml version="1.0" encoding="UTF-8"?>
<testng-results skipped="0" failed="0" ignored="2" total="4" passed="2">
  <reporter-output>
  </reporter-output>
  <suite name="guru Suite" duration-ms="44383" started-at="2020-08-02T18:02:05 EET" finished-at="2020-08-02T18:02:49 EET">
    <groups>
    </groups>
    <test name="guru Test" duration-ms="44383" started-at="2020-08-02T18:02:05 EET" finished-at="2020-08-02T18:02:49 EET">
      <class name="ghuru.ghuru2">
        <test-method status="PASS" signature="startDriver()[pri:0, instance:ghuru.ghuru2@10e41621]" name="startDriver" is-config="true" duration-ms="13561" started-at="2020-08-02T18:02:05 EET" finished-at="2020-08-02T18:02:19 EET">
          <reporter-output>
          </reporter-output>
        </test-method> <!-- startDriver -->
        <test-method status="PASS" signature="TestingGuruSite()[pri:0, instance:ghuru.ghuru2@10e41621]" name="TestingGuruSite" duration-ms="8928" started-at="2020-08-02T18:02:19 EET" finished-at="2020-08-02T18:02:28 EET">
          <reporter-output>
          </reporter-output>
        </test-method> <!-- TestingGuruSite -->
        <test-method status="PASS" signature="closeurl()[pri:0, instance:ghuru.ghuru2@10e41621]" name="closeurl" is-config="true" duration-ms="1700" started-at="2020-08-02T18:02:48 EET" finished-at="2020-08-02T18:02:49 EET">
          <reporter-output>
          </reporter-output>
        </test-method> <!-- closeurl -->
      </class> <!-- ghuru.ghuru2 -->
      <class name="ghuru.ghuru3">
        <test-method status="PASS" signature="Purchasetest()[pri:0, instance:ghuru.ghuru3@353d0772]" name="Purchasetest" duration-ms="19449" started-at="2020-08-02T18:02:28 EET" finished-at="2020-08-02T18:02:47 EET">
          <reporter-output>
          </reporter-output>
        </test-method> <!-- Purchasetest -->
      </class> <!-- ghuru.ghuru3 -->
    </test> <!-- guru Test -->
  </suite> <!-- guru Suite -->
</testng-results>
