<?xml version="1.0" encoding="UTF-8"?>
<testng-results skipped="0" failed="0" ignored="4" total="7" passed="3">
  <reporter-output>
  </reporter-output>
  <suite name="guru Suite" duration-ms="67721" started-at="2020-08-03T15:53:55 EET" finished-at="2020-08-03T15:55:03 EET">
    <groups>
    </groups>
    <test name="guru Test" duration-ms="67721" started-at="2020-08-03T15:53:55 EET" finished-at="2020-08-03T15:55:03 EET">
      <class name="ghuru.ghuru2">
        <test-method status="PASS" signature="startDriver()[pri:0, instance:ghuru.ghuru2@353d0772]" name="startDriver" is-config="true" duration-ms="19488" started-at="2020-08-03T15:53:56 EET" finished-at="2020-08-03T15:54:15 EET">
          <reporter-output>
          </reporter-output>
        </test-method> <!-- startDriver -->
        <test-method status="PASS" signature="TestingGuruSite()[pri:0, instance:ghuru.ghuru2@353d0772]" name="TestingGuruSite" duration-ms="13079" started-at="2020-08-03T15:54:15 EET" finished-at="2020-08-03T15:54:28 EET">
          <reporter-output>
          </reporter-output>
        </test-method> <!-- TestingGuruSite -->
        <test-method status="PASS" signature="closeurl()[pri:0, instance:ghuru.ghuru2@353d0772]" name="closeurl" is-config="true" duration-ms="1" started-at="2020-08-03T15:55:03 EET" finished-at="2020-08-03T15:55:03 EET">
          <reporter-output>
          </reporter-output>
        </test-method> <!-- closeurl -->
      </class> <!-- ghuru.ghuru2 -->
      <class name="ghuru.ghuru3">
        <test-method status="PASS" signature="Purchasetest()[pri:0, instance:ghuru.ghuru3@2667f029]" name="Purchasetest" duration-ms="27216" started-at="2020-08-03T15:54:29 EET" finished-at="2020-08-03T15:54:57 EET">
          <reporter-output>
          </reporter-output>
        </test-method> <!-- Purchasetest -->
      </class> <!-- ghuru.ghuru3 -->
      <class name="ghuru.ghuru4">
        <test-method status="PASS" signature="PrintOrderPdf()[pri:0, instance:ghuru.ghuru4@67a20f67]" name="PrintOrderPdf" duration-ms="6544" started-at="2020-08-03T15:54:57 EET" finished-at="2020-08-03T15:55:03 EET">
          <reporter-output>
          </reporter-output>
        </test-method> <!-- PrintOrderPdf -->
      </class> <!-- ghuru.ghuru4 -->
    </test> <!-- guru Test -->
  </suite> <!-- guru Suite -->
</testng-results>
