<?xml version="1.0" encoding="UTF-8"?>
<!-- Generated by org.testng.reporters.JUnitXMLReporter -->
<testsuite hostname="DESKTOP-BT3TDFN" ignored="4" name="guru Test" tests="3" failures="0" timestamp="2020-08-03T15:55:03 EET" time="67.721" errors="0">
  <testcase name="TestingGuruSite" time="13.079" classname="ghuru.ghuru2"/>
  <testcase name="Purchasetest" time="27.216" classname="ghuru.ghuru3"/>
  <testcase name="PrintOrderPdf" time="6.544" classname="ghuru.ghuru4"/>
  <testcase name="@BeforeTest startDriver" time="0.0" classname="ghuru.Testghuru">
    <ignored/>
  </testcase> <!-- @BeforeTest startDriver -->
  <testcase name="@BeforeTest startDriver" time="0.0" classname="ghuru.Testghuru">
    <ignored/>
  </testcase> <!-- @BeforeTest startDriver -->
  <testcase name="@AfterTest closeurl" time="0.0" classname="ghuru.Testghuru">
    <ignored/>
  </testcase> <!-- @AfterTest closeurl -->
  <testcase name="@AfterTest closeurl" time="0.0" classname="ghuru.Testghuru">
    <ignored/>
  </testcase> <!-- @AfterTest closeurl -->
</testsuite> <!-- guru Test -->
