<?xml version="1.0" encoding="UTF-8"?>
<!-- Generated by org.testng.reporters.JUnitXMLReporter -->
<testsuite hostname="DESKTOP-BT3TDFN" ignored="2" name="guru Test" tests="2" failures="0" timestamp="2020-08-02T18:02:50 EET" time="44.383" errors="0">
  <testcase name="TestingGuruSite" time="8.928" classname="ghuru.ghuru2"/>
  <testcase name="Purchasetest" time="19.449" classname="ghuru.ghuru3"/>
  <testcase name="@BeforeTest startDriver" time="0.0" classname="ghuru.Testghuru">
    <ignored/>
  </testcase> <!-- @BeforeTest startDriver -->
  <testcase name="@AfterTest closeurl" time="0.0" classname="ghuru.Testghuru">
    <ignored/>
  </testcase> <!-- @AfterTest closeurl -->
</testsuite> <!-- guru Test -->
